1711860008.523149 client started (3082347): version 3.4, socket /tmp/tmux-1000/default, protocol 8
1711860008.523189 on Linux 6.8.0-11-generic #11-Ubuntu SMP PREEMPT_DYNAMIC Wed Feb 14 00:29:05 UTC 2024
1711860008.523195 using libevent 2.1.12-stable poll
1711860008.523198 using ncurses 6.4 20240113
1711860008.523210 flags are 0x10010000
1711860008.523226 socket is /tmp/tmux-1000/default
1711860008.523241 trying connect
1711860008.523327 add peer 0x5e23b723a0e0: 6 ((nil))
1711860008.523635 sending message 100 to peer 0x5e23b723a0e0 (4 bytes)
1711860008.523639 sending message 111 to peer 0x5e23b723a0e0 (8 bytes)
1711860008.523642 sending message 101 to peer 0x5e23b723a0e0 (15 bytes)
1711860008.523645 sending message 109 to peer 0x5e23b723a0e0 (4 bytes)
1711860008.523648 sending message 102 to peer 0x5e23b723a0e0 (11 bytes)
1711860008.523651 sending message 108 to peer 0x5e23b723a0e0 (27 bytes)
1711860008.523654 sending message 112 to peer 0x5e23b723a0e0 (58 bytes)
1711860008.523657 sending message 112 to peer 0x5e23b723a0e0 (5 bytes)
1711860008.523660 sending message 112 to peer 0x5e23b723a0e0 (5 bytes)
1711860008.523663 sending message 112 to peer 0x5e23b723a0e0 (6 bytes)
1711860008.523665 sending message 112 to peer 0x5e23b723a0e0 (6 bytes)
1711860008.523668 sending message 112 to peer 0x5e23b723a0e0 (11 bytes)
1711860008.523671 sending message 112 to peer 0x5e23b723a0e0 (10 bytes)
1711860008.523674 sending message 112 to peer 0x5e23b723a0e0 (13 bytes)
1711860008.523677 sending message 112 to peer 0x5e23b723a0e0 (14 bytes)
1711860008.523680 sending message 112 to peer 0x5e23b723a0e0 (19 bytes)
1711860008.523682 sending message 112 to peer 0x5e23b723a0e0 (11 bytes)
1711860008.523685 sending message 112 to peer 0x5e23b723a0e0 (10 bytes)
1711860008.523688 sending message 112 to peer 0x5e23b723a0e0 (15 bytes)
1711860008.523691 sending message 112 to peer 0x5e23b723a0e0 (21 bytes)
1711860008.523694 sending message 112 to peer 0x5e23b723a0e0 (13 bytes)
1711860008.523696 sending message 112 to peer 0x5e23b723a0e0 (7 bytes)
1711860008.523699 sending message 112 to peer 0x5e23b723a0e0 (13 bytes)
1711860008.523702 sending message 112 to peer 0x5e23b723a0e0 (7 bytes)
1711860008.523705 sending message 112 to peer 0x5e23b723a0e0 (13 bytes)
1711860008.523708 sending message 112 to peer 0x5e23b723a0e0 (9 bytes)
1711860008.523710 sending message 112 to peer 0x5e23b723a0e0 (21 bytes)
1711860008.523713 sending message 112 to peer 0x5e23b723a0e0 (13 bytes)
1711860008.523716 sending message 112 to peer 0x5e23b723a0e0 (9 bytes)
1711860008.523719 sending message 112 to peer 0x5e23b723a0e0 (16 bytes)
1711860008.523721 sending message 112 to peer 0x5e23b723a0e0 (13 bytes)
1711860008.523724 sending message 112 to peer 0x5e23b723a0e0 (9 bytes)
1711860008.523727 sending message 112 to peer 0x5e23b723a0e0 (9 bytes)
1711860008.523730 sending message 112 to peer 0x5e23b723a0e0 (12 bytes)
1711860008.523733 sending message 112 to peer 0x5e23b723a0e0 (8 bytes)
1711860008.523735 sending message 112 to peer 0x5e23b723a0e0 (8 bytes)
1711860008.523738 sending message 112 to peer 0x5e23b723a0e0 (13 bytes)
1711860008.523741 sending message 112 to peer 0x5e23b723a0e0 (7 bytes)
1711860008.523744 sending message 112 to peer 0x5e23b723a0e0 (7 bytes)
1711860008.523747 sending message 112 to peer 0x5e23b723a0e0 (9 bytes)
1711860008.523749 sending message 112 to peer 0x5e23b723a0e0 (9 bytes)
1711860008.523752 sending message 112 to peer 0x5e23b723a0e0 (15 bytes)
1711860008.523755 sending message 112 to peer 0x5e23b723a0e0 (13 bytes)
1711860008.523758 sending message 112 to peer 0x5e23b723a0e0 (12 bytes)
1711860008.523761 sending message 112 to peer 0x5e23b723a0e0 (8 bytes)
1711860008.523763 sending message 112 to peer 0x5e23b723a0e0 (14 bytes)
1711860008.523766 sending message 112 to peer 0x5e23b723a0e0 (11 bytes)
1711860008.523769 sending message 112 to peer 0x5e23b723a0e0 (9 bytes)
1711860008.523772 sending message 112 to peer 0x5e23b723a0e0 (10 bytes)
1711860008.523775 sending message 112 to peer 0x5e23b723a0e0 (10 bytes)
1711860008.523778 sending message 112 to peer 0x5e23b723a0e0 (10 bytes)
1711860008.523791 sending message 112 to peer 0x5e23b723a0e0 (10 bytes)
1711860008.523794 sending message 112 to peer 0x5e23b723a0e0 (11 bytes)
1711860008.523797 sending message 112 to peer 0x5e23b723a0e0 (12 bytes)
1711860008.523800 sending message 112 to peer 0x5e23b723a0e0 (12 bytes)
1711860008.523803 sending message 112 to peer 0x5e23b723a0e0 (12 bytes)
1711860008.523805 sending message 112 to peer 0x5e23b723a0e0 (12 bytes)
1711860008.523808 sending message 112 to peer 0x5e23b723a0e0 (12 bytes)
1711860008.523811 sending message 112 to peer 0x5e23b723a0e0 (11 bytes)
1711860008.523814 sending message 112 to peer 0x5e23b723a0e0 (11 bytes)
1711860008.523817 sending message 112 to peer 0x5e23b723a0e0 (12 bytes)
1711860008.523819 sending message 112 to peer 0x5e23b723a0e0 (12 bytes)
1711860008.523822 sending message 112 to peer 0x5e23b723a0e0 (12 bytes)
1711860008.523825 sending message 112 to peer 0x5e23b723a0e0 (12 bytes)
1711860008.523828 sending message 112 to peer 0x5e23b723a0e0 (12 bytes)
1711860008.523831 sending message 112 to peer 0x5e23b723a0e0 (9 bytes)
1711860008.523834 sending message 112 to peer 0x5e23b723a0e0 (12 bytes)
1711860008.523836 sending message 112 to peer 0x5e23b723a0e0 (13 bytes)
1711860008.523839 sending message 112 to peer 0x5e23b723a0e0 (13 bytes)
1711860008.523842 sending message 112 to peer 0x5e23b723a0e0 (13 bytes)
1711860008.523845 sending message 112 to peer 0x5e23b723a0e0 (13 bytes)
1711860008.523848 sending message 112 to peer 0x5e23b723a0e0 (13 bytes)
1711860008.523851 sending message 112 to peer 0x5e23b723a0e0 (8 bytes)
1711860008.523853 sending message 112 to peer 0x5e23b723a0e0 (11 bytes)
1711860008.523856 sending message 112 to peer 0x5e23b723a0e0 (11 bytes)
1711860008.523859 sending message 112 to peer 0x5e23b723a0e0 (11 bytes)
1711860008.523862 sending message 112 to peer 0x5e23b723a0e0 (12 bytes)
1711860008.523865 sending message 112 to peer 0x5e23b723a0e0 (12 bytes)
1711860008.523867 sending message 112 to peer 0x5e23b723a0e0 (12 bytes)
1711860008.523870 sending message 112 to peer 0x5e23b723a0e0 (12 bytes)
1711860008.523873 sending message 112 to peer 0x5e23b723a0e0 (13 bytes)
1711860008.523876 sending message 112 to peer 0x5e23b723a0e0 (13 bytes)
1711860008.523879 sending message 112 to peer 0x5e23b723a0e0 (13 bytes)
1711860008.523882 sending message 112 to peer 0x5e23b723a0e0 (8 bytes)
1711860008.523884 sending message 112 to peer 0x5e23b723a0e0 (13 bytes)
1711860008.523887 sending message 112 to peer 0x5e23b723a0e0 (13 bytes)
1711860008.523890 sending message 112 to peer 0x5e23b723a0e0 (13 bytes)
1711860008.523893 sending message 112 to peer 0x5e23b723a0e0 (13 bytes)
1711860008.523896 sending message 112 to peer 0x5e23b723a0e0 (13 bytes)
1711860008.523898 sending message 112 to peer 0x5e23b723a0e0 (12 bytes)
1711860008.523901 sending message 112 to peer 0x5e23b723a0e0 (12 bytes)
1711860008.523904 sending message 112 to peer 0x5e23b723a0e0 (12 bytes)
1711860008.523907 sending message 112 to peer 0x5e23b723a0e0 (12 bytes)
1711860008.523910 sending message 112 to peer 0x5e23b723a0e0 (13 bytes)
1711860008.523913 sending message 112 to peer 0x5e23b723a0e0 (8 bytes)
1711860008.523915 sending message 112 to peer 0x5e23b723a0e0 (13 bytes)
1711860008.523918 sending message 112 to peer 0x5e23b723a0e0 (13 bytes)
1711860008.523921 sending message 112 to peer 0x5e23b723a0e0 (13 bytes)
1711860008.523924 sending message 112 to peer 0x5e23b723a0e0 (13 bytes)
1711860008.523927 sending message 112 to peer 0x5e23b723a0e0 (13 bytes)
1711860008.523930 sending message 112 to peer 0x5e23b723a0e0 (13 bytes)
1711860008.523932 sending message 112 to peer 0x5e23b723a0e0 (13 bytes)
1711860008.523935 sending message 112 to peer 0x5e23b723a0e0 (12 bytes)
1711860008.523938 sending message 112 to peer 0x5e23b723a0e0 (12 bytes)
1711860008.523941 sending message 112 to peer 0x5e23b723a0e0 (12 bytes)
1711860008.523944 sending message 112 to peer 0x5e23b723a0e0 (8 bytes)
1711860008.523946 sending message 112 to peer 0x5e23b723a0e0 (12 bytes)
1711860008.523949 sending message 112 to peer 0x5e23b723a0e0 (13 bytes)
1711860008.523956 sending message 112 to peer 0x5e23b723a0e0 (13 bytes)
1711860008.523959 sending message 112 to peer 0x5e23b723a0e0 (13 bytes)
1711860008.523962 sending message 112 to peer 0x5e23b723a0e0 (13 bytes)
1711860008.523965 sending message 112 to peer 0x5e23b723a0e0 (13 bytes)
1711860008.523968 sending message 112 to peer 0x5e23b723a0e0 (13 bytes)
1711860008.523971 sending message 112 to peer 0x5e23b723a0e0 (13 bytes)
1711860008.523973 sending message 112 to peer 0x5e23b723a0e0 (13 bytes)
1711860008.523976 sending message 112 to peer 0x5e23b723a0e0 (12 bytes)
1711860008.523979 sending message 112 to peer 0x5e23b723a0e0 (10 bytes)
1711860008.523982 sending message 112 to peer 0x5e23b723a0e0 (12 bytes)
1711860008.523985 sending message 112 to peer 0x5e23b723a0e0 (12 bytes)
1711860008.523988 sending message 112 to peer 0x5e23b723a0e0 (12 bytes)
1711860008.523990 sending message 112 to peer 0x5e23b723a0e0 (13 bytes)
1711860008.523993 sending message 112 to peer 0x5e23b723a0e0 (13 bytes)
1711860008.523996 sending message 112 to peer 0x5e23b723a0e0 (13 bytes)
1711860008.523999 sending message 112 to peer 0x5e23b723a0e0 (13 bytes)
1711860008.524002 sending message 112 to peer 0x5e23b723a0e0 (13 bytes)
1711860008.524005 sending message 112 to peer 0x5e23b723a0e0 (13 bytes)
1711860008.524007 sending message 112 to peer 0x5e23b723a0e0 (13 bytes)
1711860008.524010 sending message 112 to peer 0x5e23b723a0e0 (10 bytes)
1711860008.524013 sending message 112 to peer 0x5e23b723a0e0 (13 bytes)
1711860008.524016 sending message 112 to peer 0x5e23b723a0e0 (12 bytes)
1711860008.524019 sending message 112 to peer 0x5e23b723a0e0 (12 bytes)
1711860008.524022 sending message 112 to peer 0x5e23b723a0e0 (12 bytes)
1711860008.524024 sending message 112 to peer 0x5e23b723a0e0 (10 bytes)
1711860008.524027 sending message 112 to peer 0x5e23b723a0e0 (10 bytes)
1711860008.524030 sending message 112 to peer 0x5e23b723a0e0 (10 bytes)
1711860008.524033 sending message 112 to peer 0x5e23b723a0e0 (12 bytes)
1711860008.524036 sending message 112 to peer 0x5e23b723a0e0 (13 bytes)
1711860008.524038 sending message 112 to peer 0x5e23b723a0e0 (13 bytes)
1711860008.524041 sending message 112 to peer 0x5e23b723a0e0 (13 bytes)
1711860008.524044 sending message 112 to peer 0x5e23b723a0e0 (13 bytes)
1711860008.524047 sending message 112 to peer 0x5e23b723a0e0 (13 bytes)
1711860008.524050 sending message 112 to peer 0x5e23b723a0e0 (10 bytes)
1711860008.524052 sending message 112 to peer 0x5e23b723a0e0 (11 bytes)
1711860008.524055 sending message 112 to peer 0x5e23b723a0e0 (12 bytes)
1711860008.524058 sending message 112 to peer 0x5e23b723a0e0 (12 bytes)
1711860008.524061 sending message 112 to peer 0x5e23b723a0e0 (12 bytes)
1711860008.524064 sending message 112 to peer 0x5e23b723a0e0 (12 bytes)
1711860008.524067 sending message 112 to peer 0x5e23b723a0e0 (12 bytes)
1711860008.524069 sending message 112 to peer 0x5e23b723a0e0 (11 bytes)
1711860008.524072 sending message 112 to peer 0x5e23b723a0e0 (12 bytes)
1711860008.524075 sending message 112 to peer 0x5e23b723a0e0 (12 bytes)
1711860008.524078 sending message 112 to peer 0x5e23b723a0e0 (13 bytes)
1711860008.524081 sending message 112 to peer 0x5e23b723a0e0 (13 bytes)
1711860008.524083 sending message 112 to peer 0x5e23b723a0e0 (13 bytes)
1711860008.524086 sending message 112 to peer 0x5e23b723a0e0 (13 bytes)
1711860008.524089 sending message 112 to peer 0x5e23b723a0e0 (13 bytes)
1711860008.524092 sending message 112 to peer 0x5e23b723a0e0 (10 bytes)
1711860008.524095 sending message 112 to peer 0x5e23b723a0e0 (9 bytes)
1711860008.524098 sending message 112 to peer 0x5e23b723a0e0 (12 bytes)
1711860008.524100 sending message 112 to peer 0x5e23b723a0e0 (13 bytes)
1711860008.524103 sending message 112 to peer 0x5e23b723a0e0 (13 bytes)
1711860008.524106 sending message 112 to peer 0x5e23b723a0e0 (13 bytes)
1711860008.524109 sending message 112 to peer 0x5e23b723a0e0 (13 bytes)
1711860008.524112 sending message 112 to peer 0x5e23b723a0e0 (13 bytes)
1711860008.524115 sending message 112 to peer 0x5e23b723a0e0 (9 bytes)
1711860008.524121 sending message 112 to peer 0x5e23b723a0e0 (12 bytes)
1711860008.524124 sending message 112 to peer 0x5e23b723a0e0 (13 bytes)
1711860008.524127 sending message 112 to peer 0x5e23b723a0e0 (13 bytes)
1711860008.524130 sending message 112 to peer 0x5e23b723a0e0 (13 bytes)
1711860008.524133 sending message 112 to peer 0x5e23b723a0e0 (13 bytes)
1711860008.524136 sending message 112 to peer 0x5e23b723a0e0 (13 bytes)
1711860008.524138 sending message 112 to peer 0x5e23b723a0e0 (11 bytes)
1711860008.524141 sending message 112 to peer 0x5e23b723a0e0 (12 bytes)
1711860008.524144 sending message 112 to peer 0x5e23b723a0e0 (13 bytes)
1711860008.524147 sending message 112 to peer 0x5e23b723a0e0 (13 bytes)
1711860008.524150 sending message 112 to peer 0x5e23b723a0e0 (13 bytes)
1711860008.524153 sending message 112 to peer 0x5e23b723a0e0 (13 bytes)
1711860008.524155 sending message 112 to peer 0x5e23b723a0e0 (13 bytes)
1711860008.524158 sending message 112 to peer 0x5e23b723a0e0 (11 bytes)
1711860008.524161 sending message 112 to peer 0x5e23b723a0e0 (12 bytes)
1711860008.524164 sending message 112 to peer 0x5e23b723a0e0 (12 bytes)
1711860008.524167 sending message 112 to peer 0x5e23b723a0e0 (12 bytes)
1711860008.524170 sending message 112 to peer 0x5e23b723a0e0 (12 bytes)
1711860008.524173 sending message 112 to peer 0x5e23b723a0e0 (12 bytes)
1711860008.524175 sending message 112 to peer 0x5e23b723a0e0 (21 bytes)
1711860008.524178 sending message 112 to peer 0x5e23b723a0e0 (12 bytes)
1711860008.524181 sending message 112 to peer 0x5e23b723a0e0 (9 bytes)
1711860008.524184 sending message 112 to peer 0x5e23b723a0e0 (6 bytes)
1711860008.524187 sending message 112 to peer 0x5e23b723a0e0 (13 bytes)
1711860008.524190 sending message 112 to peer 0x5e23b723a0e0 (10 bytes)
1711860008.524193 sending message 112 to peer 0x5e23b723a0e0 (24 bytes)
1711860008.524196 sending message 112 to peer 0x5e23b723a0e0 (13 bytes)
1711860008.524199 sending message 112 to peer 0x5e23b723a0e0 (9 bytes)
1711860008.524202 sending message 112 to peer 0x5e23b723a0e0 (70 bytes)
1711860008.524205 sending message 112 to peer 0x5e23b723a0e0 (69 bytes)
1711860008.524207 sending message 112 to peer 0x5e23b723a0e0 (12 bytes)
1711860008.524210 sending message 112 to peer 0x5e23b723a0e0 (10 bytes)
1711860008.524213 sending message 112 to peer 0x5e23b723a0e0 (10 bytes)
1711860008.524216 sending message 112 to peer 0x5e23b723a0e0 (24 bytes)
1711860008.524219 sending message 112 to peer 0x5e23b723a0e0 (13 bytes)
1711860008.524222 sending message 112 to peer 0x5e23b723a0e0 (10 bytes)
1711860008.524225 sending message 112 to peer 0x5e23b723a0e0 (10 bytes)
1711860008.524228 sending message 112 to peer 0x5e23b723a0e0 (10 bytes)
1711860008.524231 sending message 112 to peer 0x5e23b723a0e0 (13 bytes)
1711860008.524234 sending message 112 to peer 0x5e23b723a0e0 (15 bytes)
1711860008.524237 sending message 112 to peer 0x5e23b723a0e0 (5 bytes)
1711860008.524240 sending message 104 to peer 0x5e23b723a0e0 (0 bytes)
1711860008.524243 sending message 110 to peer 0x5e23b723a0e0 (0 bytes)
1711860008.524247 sending message 107 to peer 0x5e23b723a0e0 (4 bytes)
1711860008.524250 sending message 105 to peer 0x5e23b723a0e0 (16 bytes)
1711860008.524253 sending message 105 to peer 0x5e23b723a0e0 (11 bytes)
1711860008.524255 sending message 105 to peer 0x5e23b723a0e0 (19 bytes)
1711860008.524258 sending message 105 to peer 0x5e23b723a0e0 (20 bytes)
1711860008.524261 sending message 105 to peer 0x5e23b723a0e0 (86 bytes)
1711860008.524264 sending message 105 to peer 0x5e23b723a0e0 (36 bytes)
1711860008.524267 sending message 105 to peer 0x5e23b723a0e0 (58 bytes)
1711860008.524270 sending message 105 to peer 0x5e23b723a0e0 (25 bytes)
1711860008.524273 sending message 105 to peer 0x5e23b723a0e0 (38 bytes)
1711860008.524276 sending message 105 to peer 0x5e23b723a0e0 (15 bytes)
1711860008.524279 sending message 105 to peer 0x5e23b723a0e0 (51 bytes)
1711860008.524282 sending message 105 to peer 0x5e23b723a0e0 (50 bytes)
1711860008.524285 sending message 105 to peer 0x5e23b723a0e0 (51 bytes)
1711860008.524292 sending message 105 to peer 0x5e23b723a0e0 (21 bytes)
1711860008.524295 sending message 105 to peer 0x5e23b723a0e0 (30 bytes)
1711860008.524298 sending message 105 to peer 0x5e23b723a0e0 (16 bytes)
1711860008.524301 sending message 105 to peer 0x5e23b723a0e0 (115 bytes)
1711860008.524304 sending message 105 to peer 0x5e23b723a0e0 (15 bytes)
1711860008.524307 sending message 105 to peer 0x5e23b723a0e0 (31 bytes)
1711860008.524310 sending message 105 to peer 0x5e23b723a0e0 (24 bytes)
1711860008.524313 sending message 105 to peer 0x5e23b723a0e0 (16 bytes)
1711860008.524316 sending message 105 to peer 0x5e23b723a0e0 (25 bytes)
1711860008.524319 sending message 105 to peer 0x5e23b723a0e0 (22 bytes)
1711860008.524322 sending message 105 to peer 0x5e23b723a0e0 (26 bytes)
1711860008.524325 sending message 105 to peer 0x5e23b723a0e0 (43 bytes)
1711860008.524328 sending message 105 to peer 0x5e23b723a0e0 (39 bytes)
1711860008.524330 sending message 105 to peer 0x5e23b723a0e0 (22 bytes)
1711860008.524333 sending message 105 to peer 0x5e23b723a0e0 (24 bytes)
1711860008.524336 sending message 105 to peer 0x5e23b723a0e0 (19 bytes)
1711860008.524339 sending message 105 to peer 0x5e23b723a0e0 (18 bytes)
1711860008.524342 sending message 105 to peer 0x5e23b723a0e0 (33 bytes)
1711860008.524345 sending message 105 to peer 0x5e23b723a0e0 (17 bytes)
1711860008.524348 sending message 105 to peer 0x5e23b723a0e0 (1817 bytes)
1711860008.524361 sending message 105 to peer 0x5e23b723a0e0 (193 bytes)
1711860008.524364 sending message 105 to peer 0x5e23b723a0e0 (24 bytes)
1711860008.524367 sending message 105 to peer 0x5e23b723a0e0 (28 bytes)
1711860008.524370 sending message 105 to peer 0x5e23b723a0e0 (140 bytes)
1711860008.524373 sending message 105 to peer 0x5e23b723a0e0 (26 bytes)
1711860008.524376 sending message 105 to peer 0x5e23b723a0e0 (33 bytes)
1711860008.524379 sending message 105 to peer 0x5e23b723a0e0 (13 bytes)
1711860008.524382 sending message 105 to peer 0x5e23b723a0e0 (52 bytes)
1711860008.524385 sending message 105 to peer 0x5e23b723a0e0 (56 bytes)
1711860008.524388 sending message 105 to peer 0x5e23b723a0e0 (47 bytes)
1711860008.524391 sending message 105 to peer 0x5e23b723a0e0 (23 bytes)
1711860008.524393 sending message 105 to peer 0x5e23b723a0e0 (16 bytes)
1711860008.524396 sending message 105 to peer 0x5e23b723a0e0 (22 bytes)
1711860008.524399 sending message 105 to peer 0x5e23b723a0e0 (21 bytes)
1711860008.524402 sending message 105 to peer 0x5e23b723a0e0 (22 bytes)
1711860008.524405 sending message 105 to peer 0x5e23b723a0e0 (20 bytes)
1711860008.524408 sending message 105 to peer 0x5e23b723a0e0 (29 bytes)
1711860008.524410 sending message 105 to peer 0x5e23b723a0e0 (34 bytes)
1711860008.524413 sending message 105 to peer 0x5e23b723a0e0 (23 bytes)
1711860008.524416 sending message 105 to peer 0x5e23b723a0e0 (20 bytes)
1711860008.524419 sending message 105 to peer 0x5e23b723a0e0 (47 bytes)
1711860008.524422 sending message 105 to peer 0x5e23b723a0e0 (32 bytes)
1711860008.524425 sending message 105 to peer 0x5e23b723a0e0 (13 bytes)
1711860008.524427 sending message 105 to peer 0x5e23b723a0e0 (24 bytes)
1711860008.524430 sending message 105 to peer 0x5e23b723a0e0 (13 bytes)
1711860008.524433 sending message 105 to peer 0x5e23b723a0e0 (15 bytes)
1711860008.524436 sending message 105 to peer 0x5e23b723a0e0 (24 bytes)
1711860008.524439 sending message 105 to peer 0x5e23b723a0e0 (22 bytes)
1711860008.524442 sending message 105 to peer 0x5e23b723a0e0 (24 bytes)
1711860008.524444 sending message 105 to peer 0x5e23b723a0e0 (11 bytes)
1711860008.524447 sending message 105 to peer 0x5e23b723a0e0 (8 bytes)
1711860008.524450 sending message 105 to peer 0x5e23b723a0e0 (21 bytes)
1711860008.524453 sending message 105 to peer 0x5e23b723a0e0 (35 bytes)
1711860008.524456 sending message 105 to peer 0x5e23b723a0e0 (11 bytes)
1711860008.524459 sending message 105 to peer 0x5e23b723a0e0 (17 bytes)
1711860008.524462 sending message 105 to peer 0x5e23b723a0e0 (31 bytes)
1711860008.524465 sending message 105 to peer 0x5e23b723a0e0 (46 bytes)
1711860008.524472 sending message 105 to peer 0x5e23b723a0e0 (10 bytes)
1711860008.524475 sending message 105 to peer 0x5e23b723a0e0 (30 bytes)
1711860008.524478 sending message 105 to peer 0x5e23b723a0e0 (23 bytes)
1711860008.524481 sending message 105 to peer 0x5e23b723a0e0 (29 bytes)
1711860008.524483 sending message 105 to peer 0x5e23b723a0e0 (170 bytes)
1711860008.524486 sending message 105 to peer 0x5e23b723a0e0 (22 bytes)
1711860008.524489 sending message 105 to peer 0x5e23b723a0e0 (22 bytes)
1711860008.524492 sending message 105 to peer 0x5e23b723a0e0 (154 bytes)
1711860008.524495 sending message 105 to peer 0x5e23b723a0e0 (54 bytes)
1711860008.524498 sending message 105 to peer 0x5e23b723a0e0 (28 bytes)
1711860008.524501 sending message 105 to peer 0x5e23b723a0e0 (70 bytes)
1711860008.524504 sending message 105 to peer 0x5e23b723a0e0 (27 bytes)
1711860008.524507 sending message 105 to peer 0x5e23b723a0e0 (18 bytes)
1711860008.524510 sending message 105 to peer 0x5e23b723a0e0 (31 bytes)
1711860008.524512 sending message 105 to peer 0x5e23b723a0e0 (16 bytes)
1711860008.524515 sending message 106 to peer 0x5e23b723a0e0 (0 bytes)
1711860008.524565 sending message 200 to peer 0x5e23b723a0e0 (4 bytes)
1711860008.524568 client loop enter
1711860008.525094 peer 0x5e23b723a0e0 message 303
1711860008.525098 open write file 2 -
1711860008.525104 sending message 305 to peer 0x5e23b723a0e0 (8 bytes)
1711860008.525116 write check file 2
1711860008.525242 peer 0x5e23b723a0e0 message 304
1711860008.525245 write 58 to file 2
1711860008.525248 peer 0x5e23b723a0e0 message 203
1711860008.525251 file 2 58 bytes left
1711860008.525263 write check file 2
1711860008.525266 client loop exit
